[21:7:19.574] Global cache location '/Users/keke/Library/Caches/typescript/3.9', safe file path '/opt/local/lib/node_modules/typescript/lib/typingsafelist.json', types map path /opt/local/lib/node_modules/typescript/lib/typesmap.json
[21:7:19.576] Processing cache location '/Users/keke/Library/Caches/typescript/3.9'
[21:7:19.576] Trying to find '/Users/keke/Library/Caches/typescript/3.9/package.json'...
[21:7:19.576] Loaded content of '/Users/keke/Library/Caches/typescript/3.9/package.json': {"private":true,"dependencies":{"types-registry":"^0.1.497"}}
[21:7:19.576] Loaded content of '/Users/keke/Library/Caches/typescript/3.9/package-lock.json'
[21:7:19.577] Finished processing cache location '/Users/keke/Library/Caches/typescript/3.9'
[21:7:19.577] Process id: 16398
[21:7:19.577] NPM location: /opt/local/bin/npm (explicit '--npmLocation' not  provided)
[21:7:19.577] validateDefaultNpmLocation: false
[21:7:19.577] Npm config file: /Users/keke/Library/Caches/typescript/3.9/package.json
[21:7:19.577] Updating types-registry npm package...
[21:7:19.578] Exec: /opt/local/bin/npm install --ignore-scripts types-registry@latest
[21:7:23.663]     Succeeded. stdout:
    + types-registry@0.1.497
    updated 1 package and audited 1 package in 2.944s
found 0 vulnerabilities


[21:7:23.663] Updated types-registry npm package
[21:7:23.679] Got install request {"projectName":"/dev/null/inferredProject1*","fileNames":["/opt/local/lib/node_modules/typescript/lib/lib.d.ts","/opt/local/lib/node_modules/typescript/lib/lib.es5.d.ts","/opt/local/lib/node_modules/typescript/lib/lib.dom.d.ts","/opt/local/lib/node_modules/typescript/lib/lib.webworker.importscripts.d.ts","/opt/local/lib/node_modules/typescript/lib/lib.scripthost.d.ts","/Users/keke/part1/src/index.js"],"compilerOptions":{"target":1,"jsx":1,"allowNonTsExtensions":true,"allowJs":true,"noEmitForJsFiles":true,"maxNodeModuleJsDepth":2},"typeAcquisition":{"enable":true,"include":[],"exclude":[]},"unresolvedImports":[],"projectRootPath":"/Users/keke/part1/src","kind":"discover"}
[21:7:23.697] Loaded safelist from types map file '/opt/local/lib/node_modules/typescript/lib/typesmap.json'
[21:7:23.698] Explicitly included types: []
[21:7:23.699] Inferred typings from unresolved imports: []
[21:7:23.699] Result: {"cachedTypingPaths":[],"newTypingNames":[],"filesToWatch":["/Users/keke/part1/src/bower_components","/Users/keke/part1/src/node_modules"]}
[21:7:23.700] Finished typings discovery: {"cachedTypingPaths":[],"newTypingNames":[],"filesToWatch":["/Users/keke/part1/src/bower_components","/Users/keke/part1/src/node_modules"]}
[21:7:23.700] DirectoryWatcher:: Added:: WatchInfo: /Users/keke/part1/src/bower_components
[21:7:23.701] DirectoryWatcher:: Added:: WatchInfo: /Users/keke/part1/src/node_modules
[21:7:23.702] Sending response:
    {"projectName":"/dev/null/inferredProject1*","typeAcquisition":{"enable":true,"include":[],"exclude":[]},"compilerOptions":{"target":1,"jsx":1,"allowNonTsExtensions":true,"allowJs":true,"noEmitForJsFiles":true,"maxNodeModuleJsDepth":2},"typings":[],"unresolvedImports":[],"kind":"action::set"}
[21:7:23.704] Response has been sent.
[21:7:23.704] No new typings were requested as a result of typings discovery
[21:10:34.937] Got install request {"projectName":"/dev/null/inferredProject2*","fileNames":["/opt/local/lib/node_modules/typescript/lib/lib.d.ts","/opt/local/lib/node_modules/typescript/lib/lib.es5.d.ts","/opt/local/lib/node_modules/typescript/lib/lib.dom.d.ts","/opt/local/lib/node_modules/typescript/lib/lib.webworker.importscripts.d.ts","/opt/local/lib/node_modules/typescript/lib/lib.scripthost.d.ts","/Users/keke/part1/src/index2.js"],"compilerOptions":{"target":1,"jsx":1,"allowNonTsExtensions":true,"allowJs":true,"noEmitForJsFiles":true,"maxNodeModuleJsDepth":2},"typeAcquisition":{"enable":true,"include":[],"exclude":[]},"unresolvedImports":[],"projectRootPath":"/Users/keke/part1/src","kind":"discover"}
[21:10:34.937] Explicitly included types: []
[21:10:34.943] Inferred typings from unresolved imports: []
[21:10:34.943] Result: {"cachedTypingPaths":[],"newTypingNames":[],"filesToWatch":["/Users/keke/part1/src/bower_components","/Users/keke/part1/src/node_modules"]}
[21:10:34.943] Finished typings discovery: {"cachedTypingPaths":[],"newTypingNames":[],"filesToWatch":["/Users/keke/part1/src/bower_components","/Users/keke/part1/src/node_modules"]}
[21:10:34.943] DirectoryWatcher:: Added:: WatchInfo: /Users/keke/part1/src/bower_components
[21:10:34.944] DirectoryWatcher:: Added:: WatchInfo: /Users/keke/part1/src/node_modules
[21:10:34.944] Sending response:
    {"projectName":"/dev/null/inferredProject2*","typeAcquisition":{"enable":true,"include":[],"exclude":[]},"compilerOptions":{"target":1,"jsx":1,"allowNonTsExtensions":true,"allowJs":true,"noEmitForJsFiles":true,"maxNodeModuleJsDepth":2},"typings":[],"unresolvedImports":[],"kind":"action::set"}
[21:10:34.944] Response has been sent.
[21:10:34.944] No new typings were requested as a result of typings discovery
