[17:42:20.974] Global cache location '/Users/keke/Library/Caches/typescript/3.9', safe file path '/opt/local/lib/node_modules/typescript/lib/typingsafelist.json', types map path /opt/local/lib/node_modules/typescript/lib/typesmap.json
[17:42:20.975] Processing cache location '/Users/keke/Library/Caches/typescript/3.9'
[17:42:20.975] Trying to find '/Users/keke/Library/Caches/typescript/3.9/package.json'...
[17:42:20.977] Loaded content of '/Users/keke/Library/Caches/typescript/3.9/package.json': {"private":true,"dependencies":{"types-registry":"^0.1.496"}}
[17:42:20.977] Loaded content of '/Users/keke/Library/Caches/typescript/3.9/package-lock.json'
[17:42:20.977] Finished processing cache location '/Users/keke/Library/Caches/typescript/3.9'
[17:42:20.978] Process id: 17066
[17:42:20.978] NPM location: /opt/local/bin/npm (explicit '--npmLocation' not  provided)
[17:42:20.978] validateDefaultNpmLocation: false
[17:42:20.978] Npm config file: /Users/keke/Library/Caches/typescript/3.9/package.json
[17:42:20.978] Updating types-registry npm package...
[17:42:20.978] Exec: /opt/local/bin/npm install --ignore-scripts types-registry@latest
[17:42:23.163]     Succeeded. stdout:
    + types-registry@0.1.496
    updated 1 package and audited 1 package in 1.424s
found 0 vulnerabilities


[17:42:23.164] Updated types-registry npm package
[17:42:23.265] Got install request {"projectName":"/dev/null/inferredProject1*","fileNames":["/opt/local/lib/node_modules/typescript/lib/lib.d.ts","/opt/local/lib/node_modules/typescript/lib/lib.es5.d.ts","/opt/local/lib/node_modules/typescript/lib/lib.dom.d.ts","/opt/local/lib/node_modules/typescript/lib/lib.webworker.importscripts.d.ts","/opt/local/lib/node_modules/typescript/lib/lib.scripthost.d.ts","/Users/keke/part1/src/index.js"],"compilerOptions":{"target":1,"jsx":1,"allowNonTsExtensions":true,"allowJs":true,"noEmitForJsFiles":true,"maxNodeModuleJsDepth":2},"typeAcquisition":{"enable":true,"include":[],"exclude":[]},"unresolvedImports":[],"projectRootPath":"/Users/keke/part1/src","kind":"discover"}
[17:42:23.287] Loaded safelist from types map file '/opt/local/lib/node_modules/typescript/lib/typesmap.json'
[17:42:23.288] Explicitly included types: []
[17:42:23.289] Inferred typings from unresolved imports: []
[17:42:23.290] Result: {"cachedTypingPaths":[],"newTypingNames":[],"filesToWatch":["/Users/keke/part1/src/bower_components","/Users/keke/part1/src/node_modules"]}
[17:42:23.290] Finished typings discovery: {"cachedTypingPaths":[],"newTypingNames":[],"filesToWatch":["/Users/keke/part1/src/bower_components","/Users/keke/part1/src/node_modules"]}
[17:42:23.290] DirectoryWatcher:: Added:: WatchInfo: /Users/keke/part1/src/bower_components
[17:42:23.292] DirectoryWatcher:: Added:: WatchInfo: /Users/keke/part1/src/node_modules
[17:42:23.292] Sending response:
    {"projectName":"/dev/null/inferredProject1*","typeAcquisition":{"enable":true,"include":[],"exclude":[]},"compilerOptions":{"target":1,"jsx":1,"allowNonTsExtensions":true,"allowJs":true,"noEmitForJsFiles":true,"maxNodeModuleJsDepth":2},"typings":[],"unresolvedImports":[],"kind":"action::set"}
[17:42:23.294] Response has been sent.
[17:42:23.294] No new typings were requested as a result of typings discovery
