[19:3:21.891] Global cache location '/Users/keke/Library/Caches/typescript/3.9', safe file path '/opt/local/lib/node_modules/typescript/lib/typingsafelist.json', types map path /opt/local/lib/node_modules/typescript/lib/typesmap.json
[19:3:21.895] Processing cache location '/Users/keke/Library/Caches/typescript/3.9'
[19:3:21.895] Trying to find '/Users/keke/Library/Caches/typescript/3.9/package.json'...
[19:3:21.896] Loaded content of '/Users/keke/Library/Caches/typescript/3.9/package.json': {"private":true,"dependencies":{"types-registry":"^0.1.497"}}
[19:3:21.896] Loaded content of '/Users/keke/Library/Caches/typescript/3.9/package-lock.json'
[19:3:21.896] Finished processing cache location '/Users/keke/Library/Caches/typescript/3.9'
[19:3:21.896] Process id: 3035
[19:3:21.896] NPM location: /opt/local/bin/npm (explicit '--npmLocation' not  provided)
[19:3:21.896] validateDefaultNpmLocation: false
[19:3:21.897] Npm config file: /Users/keke/Library/Caches/typescript/3.9/package.json
[19:3:21.897] Updating types-registry npm package...
[19:3:21.897] Exec: /opt/local/bin/npm install --ignore-scripts types-registry@latest
[19:3:26.96]     Succeeded. stdout:
    + types-registry@0.1.497
    updated 1 package and audited 1 package in 3s
found 0 vulnerabilities


[19:3:26.97] Updated types-registry npm package
[19:3:26.114] Got install request {"projectName":"/dev/null/inferredProject1*","fileNames":["/opt/local/lib/node_modules/typescript/lib/lib.d.ts","/opt/local/lib/node_modules/typescript/lib/lib.es5.d.ts","/opt/local/lib/node_modules/typescript/lib/lib.dom.d.ts","/opt/local/lib/node_modules/typescript/lib/lib.webworker.importscripts.d.ts","/opt/local/lib/node_modules/typescript/lib/lib.scripthost.d.ts","/Users/keke/part1a/src/Components/Part1a.js"],"compilerOptions":{"target":1,"jsx":1,"allowNonTsExtensions":true,"allowJs":true,"noEmitForJsFiles":true,"maxNodeModuleJsDepth":2},"typeAcquisition":{"enable":true,"include":[],"exclude":[]},"unresolvedImports":[],"projectRootPath":"/Users/keke/part1a/src/Components","kind":"discover"}
[19:3:26.150] Loaded safelist from types map file '/opt/local/lib/node_modules/typescript/lib/typesmap.json'
[19:3:26.151] Explicitly included types: []
[19:3:26.152] Inferred typings from unresolved imports: []
[19:3:26.152] Result: {"cachedTypingPaths":[],"newTypingNames":[],"filesToWatch":["/Users/keke/part1a/src/Components/bower_components","/Users/keke/part1a/src/Components/node_modules"]}
[19:3:26.152] Finished typings discovery: {"cachedTypingPaths":[],"newTypingNames":[],"filesToWatch":["/Users/keke/part1a/src/Components/bower_components","/Users/keke/part1a/src/Components/node_modules"]}
[19:3:26.153] DirectoryWatcher:: Added:: WatchInfo: /Users/keke/part1a/src/Components/bower_components
[19:3:26.154] DirectoryWatcher:: Added:: WatchInfo: /Users/keke/part1a/src/Components/node_modules
[19:3:26.154] Sending response:
    {"projectName":"/dev/null/inferredProject1*","typeAcquisition":{"enable":true,"include":[],"exclude":[]},"compilerOptions":{"target":1,"jsx":1,"allowNonTsExtensions":true,"allowJs":true,"noEmitForJsFiles":true,"maxNodeModuleJsDepth":2},"typings":[],"unresolvedImports":[],"kind":"action::set"}
[19:3:26.155] Response has been sent.
[19:3:26.155] No new typings were requested as a result of typings discovery
[19:3:32.73] Got install request {"projectName":"/dev/null/inferredProject1*","fileNames":["/opt/local/lib/node_modules/typescript/lib/lib.d.ts","/opt/local/lib/node_modules/typescript/lib/lib.es5.d.ts","/opt/local/lib/node_modules/typescript/lib/lib.dom.d.ts","/opt/local/lib/node_modules/typescript/lib/lib.webworker.importscripts.d.ts","/opt/local/lib/node_modules/typescript/lib/lib.scripthost.d.ts","/Users/keke/part1a/src/Components/Part1a.js"],"compilerOptions":{"target":1,"jsx":1,"allowNonTsExtensions":true,"allowJs":true,"noEmitForJsFiles":true,"maxNodeModuleJsDepth":2},"typeAcquisition":{"enable":true,"include":[],"exclude":[]},"unresolvedImports":["r"],"projectRootPath":"/Users/keke/part1a/src/Components","kind":"discover"}
[19:3:32.74] Explicitly included types: []
[19:3:32.80] Inferred typings from unresolved imports: ["r"]
[19:3:32.80] Result: {"cachedTypingPaths":[],"newTypingNames":["r"],"filesToWatch":["/Users/keke/part1a/src/Components/bower_components","/Users/keke/part1a/src/Components/node_modules"]}
[19:3:32.81] Finished typings discovery: {"cachedTypingPaths":[],"newTypingNames":["r"],"filesToWatch":["/Users/keke/part1a/src/Components/bower_components","/Users/keke/part1a/src/Components/node_modules"]}
[19:3:32.81] Installing typings ["r"]
[19:3:32.82] 'r':: Entry for package 'r' does not exist in local types registry - skipping...
[19:3:32.82] All typings are known to be missing or invalid - no need to install more typings
[19:3:32.82] Sending response:
    {"projectName":"/dev/null/inferredProject1*","typeAcquisition":{"enable":true,"include":[],"exclude":[]},"compilerOptions":{"target":1,"jsx":1,"allowNonTsExtensions":true,"allowJs":true,"noEmitForJsFiles":true,"maxNodeModuleJsDepth":2},"typings":[],"unresolvedImports":["r"],"kind":"action::set"}
[19:3:32.82] Response has been sent.
[19:3:33.65] Got install request {"projectName":"/dev/null/inferredProject1*","fileNames":["/opt/local/lib/node_modules/typescript/lib/lib.d.ts","/opt/local/lib/node_modules/typescript/lib/lib.es5.d.ts","/opt/local/lib/node_modules/typescript/lib/lib.dom.d.ts","/opt/local/lib/node_modules/typescript/lib/lib.webworker.importscripts.d.ts","/opt/local/lib/node_modules/typescript/lib/lib.scripthost.d.ts","/Users/keke/part1a/src/Components/Part1a.js"],"compilerOptions":{"target":1,"jsx":1,"allowNonTsExtensions":true,"allowJs":true,"noEmitForJsFiles":true,"maxNodeModuleJsDepth":2},"typeAcquisition":{"enable":true,"include":[],"exclude":[]},"unresolvedImports":["rea"],"projectRootPath":"/Users/keke/part1a/src/Components","kind":"discover"}
[19:3:33.66] Explicitly included types: []
[19:3:33.73] Inferred typings from unresolved imports: ["rea"]
[19:3:33.74] Result: {"cachedTypingPaths":[],"newTypingNames":["rea"],"filesToWatch":["/Users/keke/part1a/src/Components/bower_components","/Users/keke/part1a/src/Components/node_modules"]}
[19:3:33.74] Finished typings discovery: {"cachedTypingPaths":[],"newTypingNames":["rea"],"filesToWatch":["/Users/keke/part1a/src/Components/bower_components","/Users/keke/part1a/src/Components/node_modules"]}
[19:3:33.74] Installing typings ["rea"]
[19:3:33.74] 'rea':: Entry for package 'rea' does not exist in local types registry - skipping...
[19:3:33.75] All typings are known to be missing or invalid - no need to install more typings
[19:3:33.75] Sending response:
    {"projectName":"/dev/null/inferredProject1*","typeAcquisition":{"enable":true,"include":[],"exclude":[]},"compilerOptions":{"target":1,"jsx":1,"allowNonTsExtensions":true,"allowJs":true,"noEmitForJsFiles":true,"maxNodeModuleJsDepth":2},"typings":[],"unresolvedImports":["rea"],"kind":"action::set"}
[19:3:33.76] Response has been sent.
[19:3:33.467] Got install request {"projectName":"/dev/null/inferredProject1*","fileNames":["/opt/local/lib/node_modules/typescript/lib/lib.d.ts","/opt/local/lib/node_modules/typescript/lib/lib.es5.d.ts","/opt/local/lib/node_modules/typescript/lib/lib.dom.d.ts","/opt/local/lib/node_modules/typescript/lib/lib.webworker.importscripts.d.ts","/opt/local/lib/node_modules/typescript/lib/lib.scripthost.d.ts","/Users/keke/part1a/src/Components/Part1a.js"],"compilerOptions":{"target":1,"jsx":1,"allowNonTsExtensions":true,"allowJs":true,"noEmitForJsFiles":true,"maxNodeModuleJsDepth":2},"typeAcquisition":{"enable":true,"include":[],"exclude":[]},"unresolvedImports":["reac"],"projectRootPath":"/Users/keke/part1a/src/Components","kind":"discover"}
[19:3:33.468] Explicitly included types: []
[19:3:33.473] Inferred typings from unresolved imports: ["reac"]
[19:3:33.473] Result: {"cachedTypingPaths":[],"newTypingNames":["reac"],"filesToWatch":["/Users/keke/part1a/src/Components/bower_components","/Users/keke/part1a/src/Components/node_modules"]}
[19:3:33.474] Finished typings discovery: {"cachedTypingPaths":[],"newTypingNames":["reac"],"filesToWatch":["/Users/keke/part1a/src/Components/bower_components","/Users/keke/part1a/src/Components/node_modules"]}
[19:3:33.474] Installing typings ["reac"]
[19:3:33.474] 'reac':: Entry for package 'reac' does not exist in local types registry - skipping...
[19:3:33.474] All typings are known to be missing or invalid - no need to install more typings
[19:3:33.474] Sending response:
    {"projectName":"/dev/null/inferredProject1*","typeAcquisition":{"enable":true,"include":[],"exclude":[]},"compilerOptions":{"target":1,"jsx":1,"allowNonTsExtensions":true,"allowJs":true,"noEmitForJsFiles":true,"maxNodeModuleJsDepth":2},"typings":[],"unresolvedImports":["reac"],"kind":"action::set"}
[19:3:33.475] Response has been sent.
[19:3:33.861] Got install request {"projectName":"/dev/null/inferredProject1*","fileNames":["/opt/local/lib/node_modules/typescript/lib/lib.d.ts","/opt/local/lib/node_modules/typescript/lib/lib.es5.d.ts","/opt/local/lib/node_modules/typescript/lib/lib.dom.d.ts","/opt/local/lib/node_modules/typescript/lib/lib.webworker.importscripts.d.ts","/opt/local/lib/node_modules/typescript/lib/lib.scripthost.d.ts","/Users/keke/part1a/src/Components/Part1a.js"],"compilerOptions":{"target":1,"jsx":1,"allowNonTsExtensions":true,"allowJs":true,"noEmitForJsFiles":true,"maxNodeModuleJsDepth":2},"typeAcquisition":{"enable":true,"include":[],"exclude":[]},"unresolvedImports":[],"projectRootPath":"/Users/keke/part1a/src/Components","kind":"discover"}
[19:3:33.862] Explicitly included types: []
[19:3:33.870] Inferred typings from unresolved imports: []
[19:3:33.871] Result: {"cachedTypingPaths":[],"newTypingNames":[],"filesToWatch":["/Users/keke/part1a/src/Components/bower_components","/Users/keke/part1a/src/Components/node_modules"]}
[19:3:33.871] Finished typings discovery: {"cachedTypingPaths":[],"newTypingNames":[],"filesToWatch":["/Users/keke/part1a/src/Components/bower_components","/Users/keke/part1a/src/Components/node_modules"]}
[19:3:33.871] Sending response:
    {"projectName":"/dev/null/inferredProject1*","typeAcquisition":{"enable":true,"include":[],"exclude":[]},"compilerOptions":{"target":1,"jsx":1,"allowNonTsExtensions":true,"allowJs":true,"noEmitForJsFiles":true,"maxNodeModuleJsDepth":2},"typings":[],"unresolvedImports":[],"kind":"action::set"}
[19:3:33.872] Response has been sent.
[19:3:33.872] No new typings were requested as a result of typings discovery
[19:11:22.155] Got install request {"projectName":"/dev/null/inferredProject1*","fileNames":["/opt/local/lib/node_modules/typescript/lib/lib.d.ts","/opt/local/lib/node_modules/typescript/lib/lib.es5.d.ts","/opt/local/lib/node_modules/typescript/lib/lib.dom.d.ts","/opt/local/lib/node_modules/typescript/lib/lib.webworker.importscripts.d.ts","/opt/local/lib/node_modules/typescript/lib/lib.scripthost.d.ts","/Users/keke/part1a/src/Components/Part1a.js"],"compilerOptions":{"target":1,"jsx":1,"allowNonTsExtensions":true,"allowJs":true,"noEmitForJsFiles":true,"maxNodeModuleJsDepth":2},"typeAcquisition":{"enable":true,"include":[],"exclude":[]},"unresolvedImports":[],"projectRootPath":"/Users/keke/part1a/src/Components","kind":"discover"}
[19:11:22.156] Explicitly included types: []
[19:11:22.157] Inferred typings from unresolved imports: []
[19:11:22.157] Result: {"cachedTypingPaths":[],"newTypingNames":[],"filesToWatch":["/Users/keke/part1a/src/Components/bower_components","/Users/keke/part1a/src/Components/node_modules"]}
[19:11:22.157] Finished typings discovery: {"cachedTypingPaths":[],"newTypingNames":[],"filesToWatch":["/Users/keke/part1a/src/Components/bower_components","/Users/keke/part1a/src/Components/node_modules"]}
[19:11:22.158] Sending response:
    {"projectName":"/dev/null/inferredProject1*","typeAcquisition":{"enable":true,"include":[],"exclude":[]},"compilerOptions":{"target":1,"jsx":1,"allowNonTsExtensions":true,"allowJs":true,"noEmitForJsFiles":true,"maxNodeModuleJsDepth":2},"typings":[],"unresolvedImports":[],"kind":"action::set"}
[19:11:22.158] Response has been sent.
[19:11:22.158] No new typings were requested as a result of typings discovery
