[20:52:0.354] Global cache location '/Users/keke/Library/Caches/typescript/3.9', safe file path '/opt/local/lib/node_modules/typescript/lib/typingsafelist.json', types map path /opt/local/lib/node_modules/typescript/lib/typesmap.json
[20:52:0.358] Processing cache location '/Users/keke/Library/Caches/typescript/3.9'
[20:52:0.363] Trying to find '/Users/keke/Library/Caches/typescript/3.9/package.json'...
[20:52:0.366] Loaded content of '/Users/keke/Library/Caches/typescript/3.9/package.json': {"private":true,"dependencies":{"types-registry":"^0.1.497"}}
[20:52:0.366] Loaded content of '/Users/keke/Library/Caches/typescript/3.9/package-lock.json'
[20:52:0.367] Finished processing cache location '/Users/keke/Library/Caches/typescript/3.9'
[20:52:0.368] Process id: 606
[20:52:0.369] NPM location: /opt/local/bin/npm (explicit '--npmLocation' not  provided)
[20:52:0.369] validateDefaultNpmLocation: false
[20:52:0.370] Npm config file: /Users/keke/Library/Caches/typescript/3.9/package.json
[20:52:0.371] Updating types-registry npm package...
[20:52:0.372] Exec: /opt/local/bin/npm install --ignore-scripts types-registry@latest
[20:52:5.626]     Succeeded. stdout:
    + types-registry@0.1.497
    updated 1 package and audited 1 package in 4.018s
found 0 vulnerabilities


[20:52:5.626] Updated types-registry npm package
[20:52:5.642] Got install request {"projectName":"/dev/null/inferredProject1*","fileNames":["/opt/local/lib/node_modules/typescript/lib/lib.d.ts","/opt/local/lib/node_modules/typescript/lib/lib.es5.d.ts","/opt/local/lib/node_modules/typescript/lib/lib.dom.d.ts","/opt/local/lib/node_modules/typescript/lib/lib.webworker.importscripts.d.ts","/opt/local/lib/node_modules/typescript/lib/lib.scripthost.d.ts","/Users/keke/part1/src/index.js"],"compilerOptions":{"target":1,"jsx":1,"allowNonTsExtensions":true,"allowJs":true,"noEmitForJsFiles":true,"maxNodeModuleJsDepth":2},"typeAcquisition":{"enable":true,"include":[],"exclude":[]},"unresolvedImports":[],"projectRootPath":"/Users/keke/part1/src","kind":"discover"}
[20:52:5.662] Loaded safelist from types map file '/opt/local/lib/node_modules/typescript/lib/typesmap.json'
[20:52:5.662] Explicitly included types: []
[20:52:5.664] Inferred typings from unresolved imports: []
[20:52:5.664] Result: {"cachedTypingPaths":[],"newTypingNames":[],"filesToWatch":["/Users/keke/part1/src/bower_components","/Users/keke/part1/src/node_modules"]}
[20:52:5.664] Finished typings discovery: {"cachedTypingPaths":[],"newTypingNames":[],"filesToWatch":["/Users/keke/part1/src/bower_components","/Users/keke/part1/src/node_modules"]}
[20:52:5.665] DirectoryWatcher:: Added:: WatchInfo: /Users/keke/part1/src/bower_components
[20:52:5.666] DirectoryWatcher:: Added:: WatchInfo: /Users/keke/part1/src/node_modules
[20:52:5.666] Sending response:
    {"projectName":"/dev/null/inferredProject1*","typeAcquisition":{"enable":true,"include":[],"exclude":[]},"compilerOptions":{"target":1,"jsx":1,"allowNonTsExtensions":true,"allowJs":true,"noEmitForJsFiles":true,"maxNodeModuleJsDepth":2},"typings":[],"unresolvedImports":[],"kind":"action::set"}
[20:52:5.666] Response has been sent.
[20:52:5.667] No new typings were requested as a result of typings discovery
