[19:47:30.470] Global cache location '/Users/keke/Library/Caches/typescript/3.9', safe file path '/opt/local/lib/node_modules/typescript/lib/typingsafelist.json', types map path /opt/local/lib/node_modules/typescript/lib/typesmap.json
[19:47:30.471] Processing cache location '/Users/keke/Library/Caches/typescript/3.9'
[19:47:30.471] Trying to find '/Users/keke/Library/Caches/typescript/3.9/package.json'...
[19:47:30.473] Loaded content of '/Users/keke/Library/Caches/typescript/3.9/package.json': {"private":true,"dependencies":{"types-registry":"^0.1.496"}}
[19:47:30.473] Loaded content of '/Users/keke/Library/Caches/typescript/3.9/package-lock.json'
[19:47:30.473] Finished processing cache location '/Users/keke/Library/Caches/typescript/3.9'
[19:47:30.473] Process id: 788
[19:47:30.473] NPM location: /opt/local/bin/npm (explicit '--npmLocation' not  provided)
[19:47:30.473] validateDefaultNpmLocation: false
[19:47:30.474] Npm config file: /Users/keke/Library/Caches/typescript/3.9/package.json
[19:47:30.474] Updating types-registry npm package...
[19:47:30.474] Exec: /opt/local/bin/npm install --ignore-scripts types-registry@latest
[19:47:49.43]     Succeeded. stdout:
    + types-registry@0.1.496
    updated 1 package and audited 1 package in 17.345s
found 0 vulnerabilities


[19:47:49.44] Updated types-registry npm package
[19:47:49.60] Got install request {"projectName":"/dev/null/inferredProject1*","fileNames":["/opt/local/lib/node_modules/typescript/lib/lib.d.ts","/opt/local/lib/node_modules/typescript/lib/lib.es5.d.ts","/opt/local/lib/node_modules/typescript/lib/lib.dom.d.ts","/opt/local/lib/node_modules/typescript/lib/lib.webworker.importscripts.d.ts","/opt/local/lib/node_modules/typescript/lib/lib.scripthost.d.ts","/Users/keke/part1/src/index.js"],"compilerOptions":{"target":1,"jsx":1,"allowNonTsExtensions":true,"allowJs":true,"noEmitForJsFiles":true,"maxNodeModuleJsDepth":2},"typeAcquisition":{"enable":true,"include":[],"exclude":[]},"unresolvedImports":[],"projectRootPath":"/Users/keke/part1/src","kind":"discover"}
[19:47:49.80] Loaded safelist from types map file '/opt/local/lib/node_modules/typescript/lib/typesmap.json'
[19:47:49.81] Explicitly included types: []
[19:47:49.82] Inferred typings from unresolved imports: []
[19:47:49.82] Result: {"cachedTypingPaths":[],"newTypingNames":[],"filesToWatch":["/Users/keke/part1/src/bower_components","/Users/keke/part1/src/node_modules"]}
[19:47:49.83] Finished typings discovery: {"cachedTypingPaths":[],"newTypingNames":[],"filesToWatch":["/Users/keke/part1/src/bower_components","/Users/keke/part1/src/node_modules"]}
[19:47:49.83] DirectoryWatcher:: Added:: WatchInfo: /Users/keke/part1/src/bower_components
[19:47:49.84] DirectoryWatcher:: Added:: WatchInfo: /Users/keke/part1/src/node_modules
[19:47:49.85] Sending response:
    {"projectName":"/dev/null/inferredProject1*","typeAcquisition":{"enable":true,"include":[],"exclude":[]},"compilerOptions":{"target":1,"jsx":1,"allowNonTsExtensions":true,"allowJs":true,"noEmitForJsFiles":true,"maxNodeModuleJsDepth":2},"typings":[],"unresolvedImports":[],"kind":"action::set"}
[19:47:49.85] Response has been sent.
[19:47:49.85] No new typings were requested as a result of typings discovery
